<?xml version="1.0" encoding="UTF-8"?>
<!-- Generated by org.testng.reporters.JUnitReportReporter -->
<testsuite hostname="LAPTOP-P8997V13" failures="0" tests="1" name="Alerts.javasctriptalert" time="14.499" errors="0" timestamp="2024-06-03T22:31:43 IST" skipped="0">
  <testcase classname="Alerts.javasctriptalert" name="alert" time="14.499"/>
  <system-out/>
</testsuite> <!-- Alerts.javasctriptalert -->
