<?xml version="1.0" encoding="UTF-8"?>
<!-- Generated by org.testng.reporters.JUnitReportReporter -->
<testsuite hostname="LAPTOP-P8997V13" failures="0" tests="2" name="datadriven.readAndWriteData" time="0.812" errors="0" timestamp="2024-05-02T23:57:26 IST" skipped="0">
  <testcase classname="datadriven.readAndWriteData" name="getdata" time="0.765"/>
  <system-out/>
  <testcase classname="datadriven.readAndWriteData" name="getdata2" time="0.047"/>
  <system-out/>
</testsuite> <!-- datadriven.readAndWriteData -->
