<?xml version="1.0" encoding="UTF-8"?>
<!-- Generated by org.testng.reporters.JUnitReportReporter -->
<testsuite hostname="LAPTOP-P8997V13" failures="0" tests="1" name="dropdowns.hiddendropdown" time="39.584" errors="0" timestamp="2024-07-07T19:07:23 IST" skipped="0">
  <testcase classname="dropdowns.hiddendropdown" name="hiddendrpdwn" time="39.584"/>
  <system-out/>
</testsuite> <!-- dropdowns.hiddendropdown -->
