<?xml version="1.0" encoding="UTF-8"?>
<!-- Generated by org.testng.reporters.JUnitReportReporter -->
<testsuite hostname="LAPTOP-P8997V13" failures="0" tests="6" name="Alerts.alerts" time="10.992" errors="0" timestamp="2024-07-09T23:24:35 IST" skipped="0">
  <testcase classname="Alerts.alerts" name="alert" time="6.917"/>
  <system-out/>
  <testcase classname="Alerts.alerts" name="pageTitleVerification" time="0.017"/>
  <system-out/>
  <testcase classname="Alerts.alerts" name="accDetails" time="1.733"/>
  <system-out/>
  <testcase classname="Alerts.alerts" name="checkboxes" time="0.454"/>
  <system-out/>
  <testcase classname="Alerts.alerts" name="weekcheckbox" time="1.372"/>
  <system-out/>
  <testcase classname="Alerts.alerts" name="alerts" time="0.499"/>
  <system-out/>
</testsuite> <!-- Alerts.alerts -->
