<?xml version="1.0" encoding="UTF-8"?>
<!-- Generated by org.testng.reporters.JUnitReportReporter -->
<testsuite hostname="LAPTOP-P8997V13" failures="0" tests="2" name="testng.tesngmethods" time="0.006" errors="0" timestamp="2024-07-09T22:55:04 IST" skipped="0">
  <testcase classname="testng.tesngmethods" name="methods" time="0.001"/>
  <system-out/>
  <testcase classname="testng.tesngmethods" name="methods" time="0.005"/>
  <system-out/>
</testsuite> <!-- testng.tesngmethods -->
