<?xml version="1.0" encoding="UTF-8"?>
<!-- Generated by org.testng.reporters.JUnitReportReporter -->
<testsuite hostname="LAPTOP-P8997V13" failures="0" tests="1" name="frames.handlingframes" time="7.101" errors="0" timestamp="2024-06-04T00:38:37 IST" skipped="0">
  <testcase classname="frames.handlingframes" name="frames" time="7.101"/>
  <system-out/>
</testsuite> <!-- frames.handlingframes -->
