<?xml version="1.0" encoding="UTF-8"?>
<!-- Generated by org.testng.reporters.JUnitReportReporter -->
<testsuite hostname="LAPTOP-P8997V13" failures="0" tests="5" name="blogSpotSite.AllFunctionalities" time="4.246" errors="0" timestamp="2024-07-09T23:22:34 IST" skipped="0">
  <testcase classname="blogSpotSite.AllFunctionalities" name="pageTitleVerification" time="0.022"/>
  <system-out/>
  <testcase classname="blogSpotSite.AllFunctionalities" name="accDetails" time="1.902"/>
  <system-out/>
  <testcase classname="blogSpotSite.AllFunctionalities" name="checkboxes" time="0.354"/>
  <system-out/>
  <testcase classname="blogSpotSite.AllFunctionalities" name="weekcheckbox" time="1.475"/>
  <system-out/>
  <testcase classname="blogSpotSite.AllFunctionalities" name="alerts" time="0.493"/>
  <system-out/>
</testsuite> <!-- blogSpotSite.AllFunctionalities -->
