<?xml version="1.0" encoding="UTF-8"?>
<!-- Generated by org.testng.reporters.JUnitReportReporter -->
<testsuite hostname="LAPTOP-P8997V13" failures="0" tests="1" name="checkboxes.newcheckbox" time="10.751" errors="0" timestamp="2024-07-09T19:21:48 IST" skipped="0">
  <testcase classname="checkboxes.newcheckbox" name="checkbox" time="10.751"/>
  <system-out/>
</testsuite> <!-- checkboxes.newcheckbox -->
