<?xml version="1.0" encoding="UTF-8"?>
<!-- Generated by org.testng.reporters.JUnitReportReporter -->
<testsuite hostname="LAPTOP-P8997V13" failures="0" tests="1" name="tables.statictable2" time="9.536" errors="0" timestamp="2024-07-09T14:09:46 IST" skipped="0">
  <testcase classname="tables.statictable2" name="statictable" time="9.536"/>
  <system-out/>
</testsuite> <!-- tables.statictable2 -->
