<?xml version="1.0" encoding="UTF-8"?>
<!-- Generated by org.testng.reporters.JUnitReportReporter -->
<testsuite hostname="LAPTOP-P8997V13" failures="0" tests="1" name="orangeHRM.OrangeLogin" time="11.672" errors="0" timestamp="2024-05-07T22:25:42 IST" skipped="0">
  <testcase classname="orangeHRM.OrangeLogin" name="Login" time="11.672"/>
  <system-out/>
</testsuite> <!-- orangeHRM.OrangeLogin -->
