<?xml version="1.0" encoding="UTF-8"?>
<!-- Generated by org.testng.reporters.JUnitReportReporter -->
<testsuite hostname="LAPTOP-P8997V13" failures="0" tests="1" name="Alerts.javascriptalert" time="9.924" errors="0" timestamp="2024-07-09T23:24:35 IST" skipped="0">
  <testcase classname="Alerts.javascriptalert" name="alert" time="9.924"/>
  <system-out/>
</testsuite> <!-- Alerts.javascriptalert -->
