<?xml version="1.0" encoding="UTF-8"?>
<!-- Generated by org.testng.reporters.JUnitReportReporter -->
<testsuite hostname="LAPTOP-P8997V13" failures="0" tests="1" name="dropdowns.selectdropdown" time="16.425" errors="0" timestamp="2024-07-06T11:24:18 IST" skipped="0">
  <testcase classname="dropdowns.selectdropdown" name="dropdown" time="16.425"/>
  <system-out/>
</testsuite> <!-- dropdowns.selectdropdown -->
