<?xml version="1.0" encoding="UTF-8"?>
<!-- Generated by org.testng.reporters.JUnitReportReporter -->
<testsuite hostname="LAPTOP-P8997V13" failures="0" tests="1" name="webDriverMethods.conditionalMethods" time="2.949" errors="0" timestamp="2024-07-10T00:08:15 IST" skipped="0">
  <testcase classname="webDriverMethods.conditionalMethods" name="conditionalmethods" time="2.949"/>
  <system-out/>
</testsuite> <!-- webDriverMethods.conditionalMethods -->
