<?xml version="1.0" encoding="UTF-8"?>
<!-- Generated by org.testng.reporters.JUnitReportReporter -->
<testsuite hostname="LAPTOP-P8997V13" failures="0" tests="1" name="com.test.scenario.basic" time="5.287" errors="0" timestamp="2024-04-17T15:51:41 IST" skipped="0">
  <testcase classname="com.test.scenario.basic" name="m" time="5.287"/>
  <system-out/>
</testsuite> <!-- com.test.scenario.basic -->
