<?xml version="1.0" encoding="UTF-8"?>
<!-- Generated by org.testng.reporters.JUnitReportReporter -->
<testsuite hostname="LAPTOP-P8997V13" failures="0" tests="1" name="webDriverMethods.getmethods" time="49.996" errors="0" timestamp="2024-07-13T17:11:28 IST" skipped="0">
  <testcase classname="webDriverMethods.getmethods" name="getMethods" time="49.996"/>
</testsuite> <!-- webDriverMethods.getmethods -->
