<?xml version="1.0" encoding="UTF-8"?>
<!-- Generated by org.testng.reporters.JUnitReportReporter -->
<testsuite hostname="LAPTOP-P8997V13" failures="0" tests="1" name="webDriverMethods.browsercommands" time="18.412" errors="0" timestamp="2024-07-13T17:11:28 IST" skipped="0">
  <testcase classname="webDriverMethods.browsercommands" name="browserCommands" time="18.412"/>
</testsuite> <!-- webDriverMethods.browsercommands -->
