<?xml version="1.0" encoding="UTF-8"?>
<!-- Generated by org.testng.reporters.JUnitReportReporter -->
<testsuite hostname="LAPTOP-P8997V13" failures="0" tests="6" name="Alerts.alerts" time="14.140" errors="0" timestamp="2024-07-13T17:11:28 IST" skipped="0">
  <testcase classname="Alerts.alerts" name="alert" time="8.106"/>
  <testcase classname="Alerts.alerts" name="pageTitleVerification" time="0.011"/>
  <testcase classname="Alerts.alerts" name="accDetails" time="3.408"/>
  <testcase classname="Alerts.alerts" name="checkboxes" time="0.390"/>
  <testcase classname="Alerts.alerts" name="weekcheckbox" time="1.622"/>
  <testcase classname="Alerts.alerts" name="alerts" time="0.603"/>
</testsuite> <!-- Alerts.alerts -->
