<?xml version="1.0" encoding="UTF-8"?>
<!-- Generated by org.testng.reporters.JUnitReportReporter -->
<testsuite hostname="LAPTOP-P8997V13" failures="0" tests="1" name="Alerts.handlingAlertsWithExpectedCondition" time="15.903" errors="0" timestamp="2024-07-13T17:11:28 IST" skipped="0">
  <testcase classname="Alerts.handlingAlertsWithExpectedCondition" name="alert" time="15.903"/>
</testsuite> <!-- Alerts.handlingAlertsWithExpectedCondition -->
